2026-06-27 14:08:45 — INFO — Running with edr=0.25.0
2026-06-27 14:08:47 — DEBUG — Profile 'elementary' not found in profiles.yml
2026-06-27 14:08:47 — INFO — Installing packages for edr internal dbt package...
2026-06-27 14:08:47 — INFO — Running dbt command --log-format json deps --project-dir C:\Users\egypt\my_postgres_project\dbt311\Lib\site-packages\elementary\monitor\dbt_project
2026-06-27 14:08:51 — DEBUG — Running dbt command --log-format json run-operation elementary.log_macro_results --args {"macro_name": "elementary_cli.get_latest_invocation", "macro_args": {}} --project-dir C:\Users\egypt\my_postgres_project\dbt311\Lib\site-packages\elementary\monitor\dbt_project
[31;20m2026-06-27 14:08:51 — ERROR — Unable to get the latest invocation: Failed to run dbt command.
Runtime Error
  Could not find profile named 'elementary'[0m
2026-06-27 14:08:51 — DEBUG — Running dbt command --log-format json run-operation elementary.log_macro_results --args {"macro_name": "elementary_cli.get_adapter_type_and_unique_id", "macro_args": {}} --project-dir C:\Users\egypt\my_postgres_project\dbt311\Lib\site-packages\elementary\monitor\dbt_project
2026-06-27 14:08:52 — DEBUG — Could not get warehouse info.
Traceback (most recent call last):
  File "C:\Users\egypt\my_postgres_project\dbt311\Lib\site-packages\elementary\monitor\data_monitoring\data_monitoring.py", line 142, in _get_warehouse_info
    self.internal_dbt_runner.run_operation(
  File "C:\Users\egypt\my_postgres_project\dbt311\Lib\site-packages\elementary\clients\dbt\command_line_dbt_runner.py", line 351, in run_operation
    result = self._run_command(
             ^^^^^^^^^^^^^^^^^^
  File "C:\Users\egypt\my_postgres_project\dbt311\Lib\site-packages\elementary\clients\dbt\command_line_dbt_runner.py", line 209, in _run_command
    return self._inner_run_command_with_retries(
           ^^^^^^^^^^^^^^^^^^^^^^^^^^^^^^^^^^^^^
  File "C:\Users\egypt\my_postgres_project\dbt311\Lib\site-packages\tenacity\__init__.py", line 331, in wrapped_f
    return copy(f, *args, **kw)
           ^^^^^^^^^^^^^^^^^^^^
  File "C:\Users\egypt\my_postgres_project\dbt311\Lib\site-packages\tenacity\__init__.py", line 470, in __call__
    do = self.iter(retry_state=retry_state)
         ^^^^^^^^^^^^^^^^^^^^^^^^^^^^^^^^^^
  File "C:\Users\egypt\my_postgres_project\dbt311\Lib\site-packages\tenacity\__init__.py", line 371, in iter
    result = action(retry_state)
             ^^^^^^^^^^^^^^^^^^^
  File "C:\Users\egypt\my_postgres_project\dbt311\Lib\site-packages\tenacity\__init__.py", line 393, in <lambda>
    self._add_action_func(lambda rs: rs.outcome.result())
                                     ^^^^^^^^^^^^^^^^^^^
  File "C:\Users\egypt\AppData\Local\Programs\Python\Python311\Lib\concurrent\futures\_base.py", line 449, in result
    return self.__get_result()
           ^^^^^^^^^^^^^^^^^^^
  File "C:\Users\egypt\AppData\Local\Programs\Python\Python311\Lib\concurrent\futures\_base.py", line 401, in __get_result
    raise self._exception
  File "C:\Users\egypt\my_postgres_project\dbt311\Lib\site-packages\tenacity\__init__.py", line 473, in __call__
    result = fn(*args, **kwargs)
             ^^^^^^^^^^^^^^^^^^^
  File "C:\Users\egypt\my_postgres_project\dbt311\Lib\site-packages\elementary\clients\dbt\command_line_dbt_runner.py", line 246, in _inner_run_command_with_retries
    result = self._inner_run_command(
             ^^^^^^^^^^^^^^^^^^^^^^^^
  File "C:\Users\egypt\my_postgres_project\dbt311\Lib\site-packages\elementary\clients\dbt\api_dbt_runner.py", line 59, in _inner_run_command
    raise DbtCommandError(
elementary.exceptions.exceptions.DbtCommandError: Failed to run dbt command.
Runtime Error
  Could not find profile named 'elementary'
2026-06-27 14:08:52 — DEBUG — Running dbt command --log-format json run-operation elementary.log_macro_results --args {"macro_name": "elementary_cli.get_elementary_database_and_schema", "macro_args": {}} --project-dir C:\Users\egypt\my_postgres_project\dbt311\Lib\site-packages\elementary\monitor\dbt_project
[31;20m2026-06-27 14:08:53 — ERROR — Failed to parse Elementary's database and schema.[0m
2026-06-27 14:08:53 — INFO — Running dbt command --log-format json run-operation elementary.log_macro_results --args {"macro_name": "elementary_cli.get_test_results", "macro_args": {"days_back": 7, "invocations_per_test": 720, "disable_passed_test_metrics": false, "skip_test_result_rows": false}} --project-dir C:\Users\egypt\my_postgres_project\dbt311\Lib\site-packages\elementary\monitor\dbt_project
[31;20m2026-06-27 14:08:53 — ERROR — Could not generate the report - Error: Failed to run dbt command.
Runtime Error
  Could not find profile named 'elementary'
Please reach out to our community for help with this issue.[0m
Traceback (most recent call last):
  File "C:\Users\egypt\my_postgres_project\dbt311\Lib\site-packages\elementary\monitor\api\report\report.py", line 85, in get_report_data
    tests_api = TestsAPI(
                ^^^^^^^^^
  File "C:\Users\egypt\my_postgres_project\dbt311\Lib\site-packages\elementary\monitor\api\tests\tests.py", line 53, in __init__
    self.test_results_db_rows = self._get_test_results_db_rows(
                                ^^^^^^^^^^^^^^^^^^^^^^^^^^^^^^^
  File "C:\Users\egypt\my_postgres_project\dbt311\Lib\site-packages\elementary\monitor\api\tests\tests.py", line 67, in _get_test_results_db_rows
    return self.tests_fetcher.get_all_test_results_db_rows(
           ^^^^^^^^^^^^^^^^^^^^^^^^^^^^^^^^^^^^^^^^^^^^^^^^
  File "C:\Users\egypt\my_postgres_project\dbt311\Lib\site-packages\elementary\monitor\fetchers\tests\tests.py", line 27, in get_all_test_results_db_rows
    run_operation_response = self.dbt_runner.run_operation(
                             ^^^^^^^^^^^^^^^^^^^^^^^^^^^^^^
  File "C:\Users\egypt\my_postgres_project\dbt311\Lib\site-packages\elementary\clients\dbt\command_line_dbt_runner.py", line 351, in run_operation
    result = self._run_command(
             ^^^^^^^^^^^^^^^^^^
  File "C:\Users\egypt\my_postgres_project\dbt311\Lib\site-packages\elementary\clients\dbt\command_line_dbt_runner.py", line 209, in _run_command
    return self._inner_run_command_with_retries(
           ^^^^^^^^^^^^^^^^^^^^^^^^^^^^^^^^^^^^^
  File "C:\Users\egypt\my_postgres_project\dbt311\Lib\site-packages\tenacity\__init__.py", line 331, in wrapped_f
    return copy(f, *args, **kw)
           ^^^^^^^^^^^^^^^^^^^^
  File "C:\Users\egypt\my_postgres_project\dbt311\Lib\site-packages\tenacity\__init__.py", line 470, in __call__
    do = self.iter(retry_state=retry_state)
         ^^^^^^^^^^^^^^^^^^^^^^^^^^^^^^^^^^
  File "C:\Users\egypt\my_postgres_project\dbt311\Lib\site-packages\tenacity\__init__.py", line 371, in iter
    result = action(retry_state)
             ^^^^^^^^^^^^^^^^^^^
  File "C:\Users\egypt\my_postgres_project\dbt311\Lib\site-packages\tenacity\__init__.py", line 393, in <lambda>
    self._add_action_func(lambda rs: rs.outcome.result())
                                     ^^^^^^^^^^^^^^^^^^^
  File "C:\Users\egypt\AppData\Local\Programs\Python\Python311\Lib\concurrent\futures\_base.py", line 449, in result
    return self.__get_result()
           ^^^^^^^^^^^^^^^^^^^
  File "C:\Users\egypt\AppData\Local\Programs\Python\Python311\Lib\concurrent\futures\_base.py", line 401, in __get_result
    raise self._exception
  File "C:\Users\egypt\my_postgres_project\dbt311\Lib\site-packages\tenacity\__init__.py", line 473, in __call__
    result = fn(*args, **kwargs)
             ^^^^^^^^^^^^^^^^^^^
  File "C:\Users\egypt\my_postgres_project\dbt311\Lib\site-packages\elementary\clients\dbt\command_line_dbt_runner.py", line 246, in _inner_run_command_with_retries
    result = self._inner_run_command(
             ^^^^^^^^^^^^^^^^^^^^^^^^
  File "C:\Users\egypt\my_postgres_project\dbt311\Lib\site-packages\elementary\clients\dbt\api_dbt_runner.py", line 59, in _inner_run_command
    raise DbtCommandError(
elementary.exceptions.exceptions.DbtCommandError: Failed to run dbt command.
Runtime Error
  Could not find profile named 'elementary'
2026-06-27 14:09:56 — INFO — Running with edr=0.25.0
2026-06-27 14:09:57 — DEBUG — Profile 'elementary' not found in profiles.yml
2026-06-27 14:09:57 — DEBUG — Running dbt command --log-format json run-operation elementary.log_macro_results --args {"macro_name": "elementary_cli.get_latest_invocation", "macro_args": {}} --project-dir C:\Users\egypt\my_postgres_project\dbt311\Lib\site-packages\elementary\monitor\dbt_project
[31;20m2026-06-27 14:09:58 — ERROR — Unable to get the latest invocation: Failed to run dbt command.
Runtime Error
  Could not find profile named 'elementary'[0m
2026-06-27 14:09:58 — DEBUG — Running dbt command --log-format json run-operation elementary.log_macro_results --args {"macro_name": "elementary_cli.get_adapter_type_and_unique_id", "macro_args": {}} --project-dir C:\Users\egypt\my_postgres_project\dbt311\Lib\site-packages\elementary\monitor\dbt_project
2026-06-27 14:09:59 — DEBUG — Could not get warehouse info.
Traceback (most recent call last):
  File "C:\Users\egypt\my_postgres_project\dbt311\Lib\site-packages\elementary\monitor\data_monitoring\data_monitoring.py", line 142, in _get_warehouse_info
    self.internal_dbt_runner.run_operation(
  File "C:\Users\egypt\my_postgres_project\dbt311\Lib\site-packages\elementary\clients\dbt\command_line_dbt_runner.py", line 351, in run_operation
    result = self._run_command(
             ^^^^^^^^^^^^^^^^^^
  File "C:\Users\egypt\my_postgres_project\dbt311\Lib\site-packages\elementary\clients\dbt\command_line_dbt_runner.py", line 209, in _run_command
    return self._inner_run_command_with_retries(
           ^^^^^^^^^^^^^^^^^^^^^^^^^^^^^^^^^^^^^
  File "C:\Users\egypt\my_postgres_project\dbt311\Lib\site-packages\tenacity\__init__.py", line 331, in wrapped_f
    return copy(f, *args, **kw)
           ^^^^^^^^^^^^^^^^^^^^
  File "C:\Users\egypt\my_postgres_project\dbt311\Lib\site-packages\tenacity\__init__.py", line 470, in __call__
    do = self.iter(retry_state=retry_state)
         ^^^^^^^^^^^^^^^^^^^^^^^^^^^^^^^^^^
  File "C:\Users\egypt\my_postgres_project\dbt311\Lib\site-packages\tenacity\__init__.py", line 371, in iter
    result = action(retry_state)
             ^^^^^^^^^^^^^^^^^^^
  File "C:\Users\egypt\my_postgres_project\dbt311\Lib\site-packages\tenacity\__init__.py", line 393, in <lambda>
    self._add_action_func(lambda rs: rs.outcome.result())
                                     ^^^^^^^^^^^^^^^^^^^
  File "C:\Users\egypt\AppData\Local\Programs\Python\Python311\Lib\concurrent\futures\_base.py", line 449, in result
    return self.__get_result()
           ^^^^^^^^^^^^^^^^^^^
  File "C:\Users\egypt\AppData\Local\Programs\Python\Python311\Lib\concurrent\futures\_base.py", line 401, in __get_result
    raise self._exception
  File "C:\Users\egypt\my_postgres_project\dbt311\Lib\site-packages\tenacity\__init__.py", line 473, in __call__
    result = fn(*args, **kwargs)
             ^^^^^^^^^^^^^^^^^^^
  File "C:\Users\egypt\my_postgres_project\dbt311\Lib\site-packages\elementary\clients\dbt\command_line_dbt_runner.py", line 246, in _inner_run_command_with_retries
    result = self._inner_run_command(
             ^^^^^^^^^^^^^^^^^^^^^^^^
  File "C:\Users\egypt\my_postgres_project\dbt311\Lib\site-packages\elementary\clients\dbt\api_dbt_runner.py", line 59, in _inner_run_command
    raise DbtCommandError(
elementary.exceptions.exceptions.DbtCommandError: Failed to run dbt command.
Runtime Error
  Could not find profile named 'elementary'
2026-06-27 14:09:59 — DEBUG — Running dbt command --log-format json run-operation elementary.log_macro_results --args {"macro_name": "elementary_cli.get_elementary_database_and_schema", "macro_args": {}} --project-dir C:\Users\egypt\my_postgres_project\dbt311\Lib\site-packages\elementary\monitor\dbt_project
[31;20m2026-06-27 14:09:59 — ERROR — Failed to parse Elementary's database and schema.[0m
2026-06-27 14:09:59 — INFO — Running dbt command --log-format json run-operation elementary.log_macro_results --args {"macro_name": "elementary_cli.get_test_results", "macro_args": {"days_back": 7, "invocations_per_test": 720, "disable_passed_test_metrics": false, "skip_test_result_rows": false}} --project-dir C:\Users\egypt\my_postgres_project\dbt311\Lib\site-packages\elementary\monitor\dbt_project
[31;20m2026-06-27 14:10:00 — ERROR — Could not generate the report - Error: Failed to run dbt command.
Runtime Error
  Could not find profile named 'elementary'
Please reach out to our community for help with this issue.[0m
Traceback (most recent call last):
  File "C:\Users\egypt\my_postgres_project\dbt311\Lib\site-packages\elementary\monitor\api\report\report.py", line 85, in get_report_data
    tests_api = TestsAPI(
                ^^^^^^^^^
  File "C:\Users\egypt\my_postgres_project\dbt311\Lib\site-packages\elementary\monitor\api\tests\tests.py", line 53, in __init__
    self.test_results_db_rows = self._get_test_results_db_rows(
                                ^^^^^^^^^^^^^^^^^^^^^^^^^^^^^^^
  File "C:\Users\egypt\my_postgres_project\dbt311\Lib\site-packages\elementary\monitor\api\tests\tests.py", line 67, in _get_test_results_db_rows
    return self.tests_fetcher.get_all_test_results_db_rows(
           ^^^^^^^^^^^^^^^^^^^^^^^^^^^^^^^^^^^^^^^^^^^^^^^^
  File "C:\Users\egypt\my_postgres_project\dbt311\Lib\site-packages\elementary\monitor\fetchers\tests\tests.py", line 27, in get_all_test_results_db_rows
    run_operation_response = self.dbt_runner.run_operation(
                             ^^^^^^^^^^^^^^^^^^^^^^^^^^^^^^
  File "C:\Users\egypt\my_postgres_project\dbt311\Lib\site-packages\elementary\clients\dbt\command_line_dbt_runner.py", line 351, in run_operation
    result = self._run_command(
             ^^^^^^^^^^^^^^^^^^
  File "C:\Users\egypt\my_postgres_project\dbt311\Lib\site-packages\elementary\clients\dbt\command_line_dbt_runner.py", line 209, in _run_command
    return self._inner_run_command_with_retries(
           ^^^^^^^^^^^^^^^^^^^^^^^^^^^^^^^^^^^^^
  File "C:\Users\egypt\my_postgres_project\dbt311\Lib\site-packages\tenacity\__init__.py", line 331, in wrapped_f
    return copy(f, *args, **kw)
           ^^^^^^^^^^^^^^^^^^^^
  File "C:\Users\egypt\my_postgres_project\dbt311\Lib\site-packages\tenacity\__init__.py", line 470, in __call__
    do = self.iter(retry_state=retry_state)
         ^^^^^^^^^^^^^^^^^^^^^^^^^^^^^^^^^^
  File "C:\Users\egypt\my_postgres_project\dbt311\Lib\site-packages\tenacity\__init__.py", line 371, in iter
    result = action(retry_state)
             ^^^^^^^^^^^^^^^^^^^
  File "C:\Users\egypt\my_postgres_project\dbt311\Lib\site-packages\tenacity\__init__.py", line 393, in <lambda>
    self._add_action_func(lambda rs: rs.outcome.result())
                                     ^^^^^^^^^^^^^^^^^^^
  File "C:\Users\egypt\AppData\Local\Programs\Python\Python311\Lib\concurrent\futures\_base.py", line 449, in result
    return self.__get_result()
           ^^^^^^^^^^^^^^^^^^^
  File "C:\Users\egypt\AppData\Local\Programs\Python\Python311\Lib\concurrent\futures\_base.py", line 401, in __get_result
    raise self._exception
  File "C:\Users\egypt\my_postgres_project\dbt311\Lib\site-packages\tenacity\__init__.py", line 473, in __call__
    result = fn(*args, **kwargs)
             ^^^^^^^^^^^^^^^^^^^
  File "C:\Users\egypt\my_postgres_project\dbt311\Lib\site-packages\elementary\clients\dbt\command_line_dbt_runner.py", line 246, in _inner_run_command_with_retries
    result = self._inner_run_command(
             ^^^^^^^^^^^^^^^^^^^^^^^^
  File "C:\Users\egypt\my_postgres_project\dbt311\Lib\site-packages\elementary\clients\dbt\api_dbt_runner.py", line 59, in _inner_run_command
    raise DbtCommandError(
elementary.exceptions.exceptions.DbtCommandError: Failed to run dbt command.
Runtime Error
  Could not find profile named 'elementary'
2026-06-27 14:12:32 — INFO — Running with edr=0.25.0
2026-06-27 14:13:28 — INFO — Running with edr=0.25.0
2026-06-27 14:33:55 — INFO — Running with edr=0.25.0
2026-06-27 14:33:56 — DEBUG — Profile 'elementary' not found in profiles.yml
2026-06-27 14:33:56 — DEBUG — Running dbt command --log-format json run-operation elementary.log_macro_results --args {"macro_name": "elementary_cli.get_latest_invocation", "macro_args": {}} --project-dir C:\Users\egypt\my_postgres_project\dbt311\Lib\site-packages\elementary\monitor\dbt_project
[31;20m2026-06-27 14:33:57 — ERROR — Unable to get the latest invocation: Failed to run dbt command.
Runtime Error
  Could not find profile named 'elementary'[0m
2026-06-27 14:33:57 — DEBUG — Running dbt command --log-format json run-operation elementary.log_macro_results --args {"macro_name": "elementary_cli.get_adapter_type_and_unique_id", "macro_args": {}} --project-dir C:\Users\egypt\my_postgres_project\dbt311\Lib\site-packages\elementary\monitor\dbt_project
2026-06-27 14:33:57 — DEBUG — Could not get warehouse info.
Traceback (most recent call last):
  File "C:\Users\egypt\my_postgres_project\dbt311\Lib\site-packages\elementary\monitor\data_monitoring\data_monitoring.py", line 142, in _get_warehouse_info
    self.internal_dbt_runner.run_operation(
  File "C:\Users\egypt\my_postgres_project\dbt311\Lib\site-packages\elementary\clients\dbt\command_line_dbt_runner.py", line 351, in run_operation
    result = self._run_command(
             ^^^^^^^^^^^^^^^^^^
  File "C:\Users\egypt\my_postgres_project\dbt311\Lib\site-packages\elementary\clients\dbt\command_line_dbt_runner.py", line 209, in _run_command
    return self._inner_run_command_with_retries(
           ^^^^^^^^^^^^^^^^^^^^^^^^^^^^^^^^^^^^^
  File "C:\Users\egypt\my_postgres_project\dbt311\Lib\site-packages\tenacity\__init__.py", line 331, in wrapped_f
    return copy(f, *args, **kw)
           ^^^^^^^^^^^^^^^^^^^^
  File "C:\Users\egypt\my_postgres_project\dbt311\Lib\site-packages\tenacity\__init__.py", line 470, in __call__
    do = self.iter(retry_state=retry_state)
         ^^^^^^^^^^^^^^^^^^^^^^^^^^^^^^^^^^
  File "C:\Users\egypt\my_postgres_project\dbt311\Lib\site-packages\tenacity\__init__.py", line 371, in iter
    result = action(retry_state)
             ^^^^^^^^^^^^^^^^^^^
  File "C:\Users\egypt\my_postgres_project\dbt311\Lib\site-packages\tenacity\__init__.py", line 393, in <lambda>
    self._add_action_func(lambda rs: rs.outcome.result())
                                     ^^^^^^^^^^^^^^^^^^^
  File "C:\Users\egypt\AppData\Local\Programs\Python\Python311\Lib\concurrent\futures\_base.py", line 449, in result
    return self.__get_result()
           ^^^^^^^^^^^^^^^^^^^
  File "C:\Users\egypt\AppData\Local\Programs\Python\Python311\Lib\concurrent\futures\_base.py", line 401, in __get_result
    raise self._exception
  File "C:\Users\egypt\my_postgres_project\dbt311\Lib\site-packages\tenacity\__init__.py", line 473, in __call__
    result = fn(*args, **kwargs)
             ^^^^^^^^^^^^^^^^^^^
  File "C:\Users\egypt\my_postgres_project\dbt311\Lib\site-packages\elementary\clients\dbt\command_line_dbt_runner.py", line 246, in _inner_run_command_with_retries
    result = self._inner_run_command(
             ^^^^^^^^^^^^^^^^^^^^^^^^
  File "C:\Users\egypt\my_postgres_project\dbt311\Lib\site-packages\elementary\clients\dbt\api_dbt_runner.py", line 59, in _inner_run_command
    raise DbtCommandError(
elementary.exceptions.exceptions.DbtCommandError: Failed to run dbt command.
Runtime Error
  Could not find profile named 'elementary'
2026-06-27 14:33:57 — DEBUG — Running dbt command --log-format json run-operation elementary.log_macro_results --args {"macro_name": "elementary_cli.get_elementary_database_and_schema", "macro_args": {}} --project-dir C:\Users\egypt\my_postgres_project\dbt311\Lib\site-packages\elementary\monitor\dbt_project
[31;20m2026-06-27 14:33:58 — ERROR — Failed to parse Elementary's database and schema.[0m
2026-06-27 14:33:58 — INFO — Running dbt command --log-format json run-operation elementary.log_macro_results --args {"macro_name": "elementary_cli.get_test_results", "macro_args": {"days_back": 7, "invocations_per_test": 720, "disable_passed_test_metrics": false, "skip_test_result_rows": false}} --project-dir C:\Users\egypt\my_postgres_project\dbt311\Lib\site-packages\elementary\monitor\dbt_project
[31;20m2026-06-27 14:33:59 — ERROR — Could not generate the report - Error: Failed to run dbt command.
Runtime Error
  Could not find profile named 'elementary'
Please reach out to our community for help with this issue.[0m
Traceback (most recent call last):
  File "C:\Users\egypt\my_postgres_project\dbt311\Lib\site-packages\elementary\monitor\api\report\report.py", line 85, in get_report_data
    tests_api = TestsAPI(
                ^^^^^^^^^
  File "C:\Users\egypt\my_postgres_project\dbt311\Lib\site-packages\elementary\monitor\api\tests\tests.py", line 53, in __init__
    self.test_results_db_rows = self._get_test_results_db_rows(
                                ^^^^^^^^^^^^^^^^^^^^^^^^^^^^^^^
  File "C:\Users\egypt\my_postgres_project\dbt311\Lib\site-packages\elementary\monitor\api\tests\tests.py", line 67, in _get_test_results_db_rows
    return self.tests_fetcher.get_all_test_results_db_rows(
           ^^^^^^^^^^^^^^^^^^^^^^^^^^^^^^^^^^^^^^^^^^^^^^^^
  File "C:\Users\egypt\my_postgres_project\dbt311\Lib\site-packages\elementary\monitor\fetchers\tests\tests.py", line 27, in get_all_test_results_db_rows
    run_operation_response = self.dbt_runner.run_operation(
                             ^^^^^^^^^^^^^^^^^^^^^^^^^^^^^^
  File "C:\Users\egypt\my_postgres_project\dbt311\Lib\site-packages\elementary\clients\dbt\command_line_dbt_runner.py", line 351, in run_operation
    result = self._run_command(
             ^^^^^^^^^^^^^^^^^^
  File "C:\Users\egypt\my_postgres_project\dbt311\Lib\site-packages\elementary\clients\dbt\command_line_dbt_runner.py", line 209, in _run_command
    return self._inner_run_command_with_retries(
           ^^^^^^^^^^^^^^^^^^^^^^^^^^^^^^^^^^^^^
  File "C:\Users\egypt\my_postgres_project\dbt311\Lib\site-packages\tenacity\__init__.py", line 331, in wrapped_f
    return copy(f, *args, **kw)
           ^^^^^^^^^^^^^^^^^^^^
  File "C:\Users\egypt\my_postgres_project\dbt311\Lib\site-packages\tenacity\__init__.py", line 470, in __call__
    do = self.iter(retry_state=retry_state)
         ^^^^^^^^^^^^^^^^^^^^^^^^^^^^^^^^^^
  File "C:\Users\egypt\my_postgres_project\dbt311\Lib\site-packages\tenacity\__init__.py", line 371, in iter
    result = action(retry_state)
             ^^^^^^^^^^^^^^^^^^^
  File "C:\Users\egypt\my_postgres_project\dbt311\Lib\site-packages\tenacity\__init__.py", line 393, in <lambda>
    self._add_action_func(lambda rs: rs.outcome.result())
                                     ^^^^^^^^^^^^^^^^^^^
  File "C:\Users\egypt\AppData\Local\Programs\Python\Python311\Lib\concurrent\futures\_base.py", line 449, in result
    return self.__get_result()
           ^^^^^^^^^^^^^^^^^^^
  File "C:\Users\egypt\AppData\Local\Programs\Python\Python311\Lib\concurrent\futures\_base.py", line 401, in __get_result
    raise self._exception
  File "C:\Users\egypt\my_postgres_project\dbt311\Lib\site-packages\tenacity\__init__.py", line 473, in __call__
    result = fn(*args, **kwargs)
             ^^^^^^^^^^^^^^^^^^^
  File "C:\Users\egypt\my_postgres_project\dbt311\Lib\site-packages\elementary\clients\dbt\command_line_dbt_runner.py", line 246, in _inner_run_command_with_retries
    result = self._inner_run_command(
             ^^^^^^^^^^^^^^^^^^^^^^^^
  File "C:\Users\egypt\my_postgres_project\dbt311\Lib\site-packages\elementary\clients\dbt\api_dbt_runner.py", line 59, in _inner_run_command
    raise DbtCommandError(
elementary.exceptions.exceptions.DbtCommandError: Failed to run dbt command.
Runtime Error
  Could not find profile named 'elementary'
2026-06-27 14:35:05 — INFO — Running with edr=0.25.0
2026-06-27 14:36:18 — INFO — Running with edr=0.25.0
2026-06-27 14:36:36 — INFO — Running with edr=0.25.0
2026-06-27 14:37:32 — INFO — Running with edr=0.25.0
2026-06-27 14:38:12 — INFO — Running with edr=0.25.0
2026-06-27 14:38:13 — DEBUG — Profile 'elementary' not found in profiles.yml
2026-06-27 14:38:13 — DEBUG — Running dbt command --log-format json run-operation elementary.log_macro_results --args {"macro_name": "elementary_cli.get_latest_invocation", "macro_args": {}} --project-dir C:\Users\egypt\my_postgres_project\dbt311\Lib\site-packages\elementary\monitor\dbt_project
[31;20m2026-06-27 14:38:14 — ERROR — Unable to get the latest invocation: Failed to run dbt command.
Runtime Error
  Could not find profile named 'elementary'[0m
2026-06-27 14:38:14 — DEBUG — Running dbt command --log-format json run-operation elementary.log_macro_results --args {"macro_name": "elementary_cli.get_adapter_type_and_unique_id", "macro_args": {}} --project-dir C:\Users\egypt\my_postgres_project\dbt311\Lib\site-packages\elementary\monitor\dbt_project
2026-06-27 14:38:15 — DEBUG — Could not get warehouse info.
Traceback (most recent call last):
  File "C:\Users\egypt\my_postgres_project\dbt311\Lib\site-packages\elementary\monitor\data_monitoring\data_monitoring.py", line 142, in _get_warehouse_info
    self.internal_dbt_runner.run_operation(
  File "C:\Users\egypt\my_postgres_project\dbt311\Lib\site-packages\elementary\clients\dbt\command_line_dbt_runner.py", line 351, in run_operation
    result = self._run_command(
             ^^^^^^^^^^^^^^^^^^
  File "C:\Users\egypt\my_postgres_project\dbt311\Lib\site-packages\elementary\clients\dbt\command_line_dbt_runner.py", line 209, in _run_command
    return self._inner_run_command_with_retries(
           ^^^^^^^^^^^^^^^^^^^^^^^^^^^^^^^^^^^^^
  File "C:\Users\egypt\my_postgres_project\dbt311\Lib\site-packages\tenacity\__init__.py", line 331, in wrapped_f
    return copy(f, *args, **kw)
           ^^^^^^^^^^^^^^^^^^^^
  File "C:\Users\egypt\my_postgres_project\dbt311\Lib\site-packages\tenacity\__init__.py", line 470, in __call__
    do = self.iter(retry_state=retry_state)
         ^^^^^^^^^^^^^^^^^^^^^^^^^^^^^^^^^^
  File "C:\Users\egypt\my_postgres_project\dbt311\Lib\site-packages\tenacity\__init__.py", line 371, in iter
    result = action(retry_state)
             ^^^^^^^^^^^^^^^^^^^
  File "C:\Users\egypt\my_postgres_project\dbt311\Lib\site-packages\tenacity\__init__.py", line 393, in <lambda>
    self._add_action_func(lambda rs: rs.outcome.result())
                                     ^^^^^^^^^^^^^^^^^^^
  File "C:\Users\egypt\AppData\Local\Programs\Python\Python311\Lib\concurrent\futures\_base.py", line 449, in result
    return self.__get_result()
           ^^^^^^^^^^^^^^^^^^^
  File "C:\Users\egypt\AppData\Local\Programs\Python\Python311\Lib\concurrent\futures\_base.py", line 401, in __get_result
    raise self._exception
  File "C:\Users\egypt\my_postgres_project\dbt311\Lib\site-packages\tenacity\__init__.py", line 473, in __call__
    result = fn(*args, **kwargs)
             ^^^^^^^^^^^^^^^^^^^
  File "C:\Users\egypt\my_postgres_project\dbt311\Lib\site-packages\elementary\clients\dbt\command_line_dbt_runner.py", line 246, in _inner_run_command_with_retries
    result = self._inner_run_command(
             ^^^^^^^^^^^^^^^^^^^^^^^^
  File "C:\Users\egypt\my_postgres_project\dbt311\Lib\site-packages\elementary\clients\dbt\api_dbt_runner.py", line 59, in _inner_run_command
    raise DbtCommandError(
elementary.exceptions.exceptions.DbtCommandError: Failed to run dbt command.
Runtime Error
  Could not find profile named 'elementary'
2026-06-27 14:38:15 — DEBUG — Running dbt command --log-format json run-operation elementary.log_macro_results --args {"macro_name": "elementary_cli.get_elementary_database_and_schema", "macro_args": {}} --project-dir C:\Users\egypt\my_postgres_project\dbt311\Lib\site-packages\elementary\monitor\dbt_project
[31;20m2026-06-27 14:38:15 — ERROR — Failed to parse Elementary's database and schema.[0m
2026-06-27 14:38:15 — INFO — Running dbt command --log-format json run-operation elementary.log_macro_results --args {"macro_name": "elementary_cli.get_test_results", "macro_args": {"days_back": 7, "invocations_per_test": 720, "disable_passed_test_metrics": false, "skip_test_result_rows": false}} --project-dir C:\Users\egypt\my_postgres_project\dbt311\Lib\site-packages\elementary\monitor\dbt_project
[31;20m2026-06-27 14:38:16 — ERROR — Could not generate the report - Error: Failed to run dbt command.
Runtime Error
  Could not find profile named 'elementary'
Please reach out to our community for help with this issue.[0m
Traceback (most recent call last):
  File "C:\Users\egypt\my_postgres_project\dbt311\Lib\site-packages\elementary\monitor\api\report\report.py", line 85, in get_report_data
    tests_api = TestsAPI(
                ^^^^^^^^^
  File "C:\Users\egypt\my_postgres_project\dbt311\Lib\site-packages\elementary\monitor\api\tests\tests.py", line 53, in __init__
    self.test_results_db_rows = self._get_test_results_db_rows(
                                ^^^^^^^^^^^^^^^^^^^^^^^^^^^^^^^
  File "C:\Users\egypt\my_postgres_project\dbt311\Lib\site-packages\elementary\monitor\api\tests\tests.py", line 67, in _get_test_results_db_rows
    return self.tests_fetcher.get_all_test_results_db_rows(
           ^^^^^^^^^^^^^^^^^^^^^^^^^^^^^^^^^^^^^^^^^^^^^^^^
  File "C:\Users\egypt\my_postgres_project\dbt311\Lib\site-packages\elementary\monitor\fetchers\tests\tests.py", line 27, in get_all_test_results_db_rows
    run_operation_response = self.dbt_runner.run_operation(
                             ^^^^^^^^^^^^^^^^^^^^^^^^^^^^^^
  File "C:\Users\egypt\my_postgres_project\dbt311\Lib\site-packages\elementary\clients\dbt\command_line_dbt_runner.py", line 351, in run_operation
    result = self._run_command(
             ^^^^^^^^^^^^^^^^^^
  File "C:\Users\egypt\my_postgres_project\dbt311\Lib\site-packages\elementary\clients\dbt\command_line_dbt_runner.py", line 209, in _run_command
    return self._inner_run_command_with_retries(
           ^^^^^^^^^^^^^^^^^^^^^^^^^^^^^^^^^^^^^
  File "C:\Users\egypt\my_postgres_project\dbt311\Lib\site-packages\tenacity\__init__.py", line 331, in wrapped_f
    return copy(f, *args, **kw)
           ^^^^^^^^^^^^^^^^^^^^
  File "C:\Users\egypt\my_postgres_project\dbt311\Lib\site-packages\tenacity\__init__.py", line 470, in __call__
    do = self.iter(retry_state=retry_state)
         ^^^^^^^^^^^^^^^^^^^^^^^^^^^^^^^^^^
  File "C:\Users\egypt\my_postgres_project\dbt311\Lib\site-packages\tenacity\__init__.py", line 371, in iter
    result = action(retry_state)
             ^^^^^^^^^^^^^^^^^^^
  File "C:\Users\egypt\my_postgres_project\dbt311\Lib\site-packages\tenacity\__init__.py", line 393, in <lambda>
    self._add_action_func(lambda rs: rs.outcome.result())
                                     ^^^^^^^^^^^^^^^^^^^
  File "C:\Users\egypt\AppData\Local\Programs\Python\Python311\Lib\concurrent\futures\_base.py", line 449, in result
    return self.__get_result()
           ^^^^^^^^^^^^^^^^^^^
  File "C:\Users\egypt\AppData\Local\Programs\Python\Python311\Lib\concurrent\futures\_base.py", line 401, in __get_result
    raise self._exception
  File "C:\Users\egypt\my_postgres_project\dbt311\Lib\site-packages\tenacity\__init__.py", line 473, in __call__
    result = fn(*args, **kwargs)
             ^^^^^^^^^^^^^^^^^^^
  File "C:\Users\egypt\my_postgres_project\dbt311\Lib\site-packages\elementary\clients\dbt\command_line_dbt_runner.py", line 246, in _inner_run_command_with_retries
    result = self._inner_run_command(
             ^^^^^^^^^^^^^^^^^^^^^^^^
  File "C:\Users\egypt\my_postgres_project\dbt311\Lib\site-packages\elementary\clients\dbt\api_dbt_runner.py", line 59, in _inner_run_command
    raise DbtCommandError(
elementary.exceptions.exceptions.DbtCommandError: Failed to run dbt command.
Runtime Error
  Could not find profile named 'elementary'
2026-06-27 14:38:45 — INFO — Running with edr=0.25.0
2026-06-27 14:38:55 — INFO — Running with edr=0.25.0
2026-06-27 14:46:06 — INFO — Running with edr=0.20.1
2026-06-27 14:46:07 — INFO — edr internal dbt package is not up-to-date, updating it...
2026-06-27 14:46:07 — INFO — Running dbt command --log-format json deps --project-dir C:\Users\egypt\my_postgres_project\dbt311\Lib\site-packages\elementary\monitor\dbt_project
2026-06-27 14:46:10 — DEBUG — Running dbt command --log-format json run-operation elementary.log_macro_results --args {"macro_name": "elementary_cli.get_latest_invocation", "macro_args": {}} --project-dir C:\Users\egypt\my_postgres_project\dbt311\Lib\site-packages\elementary\monitor\dbt_project
[31;20m2026-06-27 14:46:11 — ERROR — Unable to get the latest invocation: Failed to run dbt command.
Runtime Error
  Could not find profile named 'elementary'[0m
2026-06-27 14:46:11 — DEBUG — Running dbt command --log-format json run-operation elementary.log_macro_results --args {"macro_name": "elementary_cli.get_adapter_type_and_unique_id", "macro_args": {}} --project-dir C:\Users\egypt\my_postgres_project\dbt311\Lib\site-packages\elementary\monitor\dbt_project
2026-06-27 14:46:11 — DEBUG — Could not get warehouse info.
Traceback (most recent call last):
  File "C:\Users\egypt\my_postgres_project\dbt311\Lib\site-packages\elementary\monitor\data_monitoring\data_monitoring.py", line 142, in _get_warehouse_info
    self.internal_dbt_runner.run_operation(
  File "C:\Users\egypt\my_postgres_project\dbt311\Lib\site-packages\elementary\clients\dbt\command_line_dbt_runner.py", line 178, in run_operation
    result = self._run_command(
             ^^^^^^^^^^^^^^^^^^
  File "C:\Users\egypt\my_postgres_project\dbt311\Lib\site-packages\elementary\clients\dbt\command_line_dbt_runner.py", line 115, in _run_command
    result = self._inner_run_command(
             ^^^^^^^^^^^^^^^^^^^^^^^^
  File "C:\Users\egypt\my_postgres_project\dbt311\Lib\site-packages\elementary\clients\dbt\api_dbt_runner.py", line 54, in _inner_run_command
    raise DbtCommandError(
elementary.exceptions.exceptions.DbtCommandError: Failed to run dbt command.
Runtime Error
  Could not find profile named 'elementary'
2026-06-27 14:46:11 — DEBUG — Running dbt command --log-format json run-operation elementary.log_macro_results --args {"macro_name": "elementary_cli.get_elementary_database_and_schema", "macro_args": {}} --project-dir C:\Users\egypt\my_postgres_project\dbt311\Lib\site-packages\elementary\monitor\dbt_project
[31;20m2026-06-27 14:46:12 — ERROR — Failed to parse Elementary's database and schema.[0m
2026-06-27 14:46:12 — INFO — Running dbt command --log-format json run-operation elementary.log_macro_results --args {"macro_name": "elementary_cli.get_test_results", "macro_args": {"days_back": 7, "invocations_per_test": 720, "disable_passed_test_metrics": false}} --project-dir C:\Users\egypt\my_postgres_project\dbt311\Lib\site-packages\elementary\monitor\dbt_project
[31;20m2026-06-27 14:46:12 — ERROR — Could not generate the report - Error: Failed to run dbt command.
Runtime Error
  Could not find profile named 'elementary'
Please reach out to our community for help with this issue.[0m
Traceback (most recent call last):
  File "C:\Users\egypt\my_postgres_project\dbt311\Lib\site-packages\elementary\monitor\api\report\report.py", line 84, in get_report_data
    tests_api = TestsAPI(
                ^^^^^^^^^
  File "C:\Users\egypt\my_postgres_project\dbt311\Lib\site-packages\elementary\monitor\api\tests\tests.py", line 52, in __init__
    self.test_results_db_rows = self._get_test_results_db_rows(
                                ^^^^^^^^^^^^^^^^^^^^^^^^^^^^^^^
  File "C:\Users\egypt\my_postgres_project\dbt311\Lib\site-packages\elementary\monitor\api\tests\tests.py", line 64, in _get_test_results_db_rows
    return self.tests_fetcher.get_all_test_results_db_rows(
           ^^^^^^^^^^^^^^^^^^^^^^^^^^^^^^^^^^^^^^^^^^^^^^^^
  File "C:\Users\egypt\my_postgres_project\dbt311\Lib\site-packages\elementary\monitor\fetchers\tests\tests.py", line 26, in get_all_test_results_db_rows
    run_operation_response = self.dbt_runner.run_operation(
                             ^^^^^^^^^^^^^^^^^^^^^^^^^^^^^^
  File "C:\Users\egypt\my_postgres_project\dbt311\Lib\site-packages\elementary\clients\dbt\command_line_dbt_runner.py", line 178, in run_operation
    result = self._run_command(
             ^^^^^^^^^^^^^^^^^^
  File "C:\Users\egypt\my_postgres_project\dbt311\Lib\site-packages\elementary\clients\dbt\command_line_dbt_runner.py", line 115, in _run_command
    result = self._inner_run_command(
             ^^^^^^^^^^^^^^^^^^^^^^^^
  File "C:\Users\egypt\my_postgres_project\dbt311\Lib\site-packages\elementary\clients\dbt\api_dbt_runner.py", line 54, in _inner_run_command
    raise DbtCommandError(
elementary.exceptions.exceptions.DbtCommandError: Failed to run dbt command.
Runtime Error
  Could not find profile named 'elementary'
